{"name": "test_login1", "status": "failed", "statusDetails": {"message": "AssertionError: assert False", "trace": "self = <testCases.test_login.Test001Login object at 0x000001A458F4F8F0>\nsetup = <selenium.webdriver.chrome.webdriver.WebDriver (session=\"20c353b981393b86b534b20f57f859c9\")>\n\n    def test_login1(self, setup):\n        self.logger.info('************** test_login1 Started *************')\n        driver = setup\n        driver.get(url=self.baseURL)\n        lp = LoginPage(driver=driver)\n        lp.set_username(username=self.username)\n        lp.set_password(password=self.password)\n        lp.login()\n        title = driver.title\n        if title == \"Dashboard / nopCommerce administration\":\n            lp.logout()\n            driver.quit()\n            self.logger.info('************** test_login1 Passed *************')\n            assert True\n        else:\n            driver.save_screenshot(\"Screenshots/test_login1.png\")\n            driver.quit()\n            self.logger.error('************** test_login1 Failed *************')\n>           assert False\nE           assert False\n\ntestCases\\test_login.py:80: AssertionError"}, "attachments": [{"name": "log", "source": "d70e1295-751b-4a0e-9bcc-2ce8605ac0c9-attachment.txt", "type": "text/plain"}], "start": 1717839777878, "stop": 1717839780920, "uuid": "5bc96ede-98cf-4d2d-9636-e7e37df61749", "historyId": "60432a5f43940946a424ba5bf420b2a5", "testCaseId": "60432a5f43940946a424ba5bf420b2a5", "fullName": "testCases.test_login.Test001Login#test_login1", "labels": [{"name": "parentSuite", "value": "testCases"}, {"name": "suite", "value": "test_login"}, {"name": "subSuite", "value": "Test001Login"}, {"name": "host", "value": "MarwenMejri"}, {"name": "thread", "value": "22764-MainThread"}, {"name": "framework", "value": "pytest"}, {"name": "language", "value": "cpython3"}, {"name": "package", "value": "testCases.test_login"}]}